<?xml version="1.0" encoding="UTF-8"?>
<testng-results total="29" passed="27" failed="2" skipped="0">
  <reporter-output>
    <line>
      <![CDATA[VerifyTransctionBtn]]>
    </line>
  </reporter-output>
  <suite started-at="2025-01-06T13:59:12Z" name="Suite" finished-at="2025-01-06T14:00:49Z" duration-ms="96483">
    <groups>
    </groups>
    <test started-at="2025-01-06T13:59:12Z" name="ShyamNarwade" finished-at="2025-01-06T14:00:49Z" duration-ms="96483">
      <class name="Com.AxisBank.QATest.TestCases">
        <test-method is-config="true" signature="setup()" started-at="2025-01-06T13:59:13Z" name="setup" finished-at="2025-01-06T13:59:16Z" duration-ms="3732" status="PASS">
        </test-method>
        <test-method signature="VerifyTrasactionPage()" started-at="2025-01-06T13:59:16Z" name="VerifyTrasactionPage" finished-at="2025-01-06T13:59:17Z" duration-ms="229" status="PASS">
        </test-method>
        <test-method signature="KYC_ScreenTest_Positive()" started-at="2025-01-06T13:59:17Z" name="KYC_ScreenTest_Positive" finished-at="2025-01-06T13:59:21Z" duration-ms="4983" status="PASS">
        </test-method>
        <test-method signature="Verify_Entity_Details_POI_Screen()" started-at="2025-01-06T13:59:22Z" name="Verify_Entity_Details_POI_Screen" finished-at="2025-01-06T13:59:33Z" duration-ms="11505" status="FAIL">
          <exception class="org.openqa.selenium.NoSuchElementException">
            <message>
              <![CDATA[no such element: Unable to locate element: {"method":"xpath","selector":"//*[@ID='EntityDetails_checkbox1']/parent::div"}
  (Session info: chrome=131.0.6778.205)
For documentation on this error, please visit: https://www.seleniumhq.org/exceptions/no_such_element.html
Build info: version: '3.141.59', revision: 'e82be7d358', time: '2018-11-14T08:17:03'
System info: host: 'LPT6849', ip: '192.168.101.141', os.name: 'Windows 11', os.arch: 'amd64', os.version: '10.0', java.version: '23.0.1'
Driver info: org.openqa.selenium.chrome.ChromeDriver
Capabilities {acceptInsecureCerts: false, browserName: chrome, browserVersion: 131.0.6778.205, chrome: {chromedriverVersion: 131.0.6778.108 (3b014839fbc..., userDataDir: C:\Users\NARWAD~1.RAM\AppDa...}, fedcm:accounts: true, goog:chromeOptions: {debuggerAddress: localhost:55108}, javascriptEnabled: true, networkConnectionEnabled: false, pageLoadStrategy: normal, platform: WINDOWS, platformName: WINDOWS, proxy: Proxy(), setWindowRect: true, strictFileInteractability: false, timeouts: {implicit: 0, pageLoad: 300000, script: 30000}, unhandledPromptBehavior: dismiss and notify, webauthn:extension:credBlob: true, webauthn:extension:largeBlob: true, webauthn:extension:minPinLength: true, webauthn:extension:prf: true, webauthn:virtualAuthenticators: true}
Session ID: f011086ab7a98297d4b9ed1ed2a74b1a
*** Element info: {Using=xpath, value=//*[@ID='EntityDetails_checkbox1']/parent::div}]]>
            </message>
            <full-stacktrace>
              <![CDATA[org.openqa.selenium.NoSuchElementException: no such element: Unable to locate element: {"method":"xpath","selector":"//*[@ID='EntityDetails_checkbox1']/parent::div"}
  (Session info: chrome=131.0.6778.205)
For documentation on this error, please visit: https://www.seleniumhq.org/exceptions/no_such_element.html
Build info: version: '3.141.59', revision: 'e82be7d358', time: '2018-11-14T08:17:03'
System info: host: 'LPT6849', ip: '192.168.101.141', os.name: 'Windows 11', os.arch: 'amd64', os.version: '10.0', java.version: '23.0.1'
Driver info: org.openqa.selenium.chrome.ChromeDriver
Capabilities {acceptInsecureCerts: false, browserName: chrome, browserVersion: 131.0.6778.205, chrome: {chromedriverVersion: 131.0.6778.108 (3b014839fbc..., userDataDir: C:\Users\NARWAD~1.RAM\AppDa...}, fedcm:accounts: true, goog:chromeOptions: {debuggerAddress: localhost:55108}, javascriptEnabled: true, networkConnectionEnabled: false, pageLoadStrategy: normal, platform: WINDOWS, platformName: WINDOWS, proxy: Proxy(), setWindowRect: true, strictFileInteractability: false, timeouts: {implicit: 0, pageLoad: 300000, script: 30000}, unhandledPromptBehavior: dismiss and notify, webauthn:extension:credBlob: true, webauthn:extension:largeBlob: true, webauthn:extension:minPinLength: true, webauthn:extension:prf: true, webauthn:virtualAuthenticators: true}
Session ID: f011086ab7a98297d4b9ed1ed2a74b1a
*** Element info: {Using=xpath, value=//*[@ID='EntityDetails_checkbox1']/parent::div}
	at java.base/jdk.internal.reflect.DirectConstructorHandleAccessor.newInstance(DirectConstructorHandleAccessor.java:62)
	at java.base/java.lang.reflect.Constructor.newInstanceWithCaller(Constructor.java:501)
	at java.base/java.lang.reflect.Constructor.newInstance(Constructor.java:485)
	at org.openqa.selenium.remote.http.W3CHttpResponseCodec.createException(W3CHttpResponseCodec.java:187)
	at org.openqa.selenium.remote.http.W3CHttpResponseCodec.decode(W3CHttpResponseCodec.java:122)
	at org.openqa.selenium.remote.http.W3CHttpResponseCodec.decode(W3CHttpResponseCodec.java:49)
	at org.openqa.selenium.remote.HttpCommandExecutor.execute(HttpCommandExecutor.java:158)
	at org.openqa.selenium.remote.service.DriverCommandExecutor.execute(DriverCommandExecutor.java:83)
	at org.openqa.selenium.remote.RemoteWebDriver.execute(RemoteWebDriver.java:552)
	at org.openqa.selenium.remote.RemoteWebDriver.findElement(RemoteWebDriver.java:323)
	at org.openqa.selenium.remote.RemoteWebDriver.findElementByXPath(RemoteWebDriver.java:428)
	at org.openqa.selenium.By$ByXPath.findElement(By.java:353)
	at org.openqa.selenium.remote.RemoteWebDriver.findElement(RemoteWebDriver.java:315)
	at org.openqa.selenium.support.pagefactory.DefaultElementLocator.findElement(DefaultElementLocator.java:69)
	at org.openqa.selenium.support.pagefactory.internal.LocatingElementHandler.invoke(LocatingElementHandler.java:38)
	at jdk.proxy2/jdk.proxy2.$Proxy12.click(Unknown Source)
	at Com.AxisBankQA.Pages.EntityDetailsPage.select_CheckBox_for_Auth_API(EntityDetailsPage.java:141)
	at Com.AxisBank.QATest.TestCases.Verify_Entity_Details_POI_Screen(TestCases.java:77)
	at java.base/jdk.internal.reflect.DirectMethodHandleAccessor.invoke(DirectMethodHandleAccessor.java:103)
	at java.base/java.lang.reflect.Method.invoke(Method.java:580)
	at org.testng.internal.MethodInvocationHelper.invokeMethod(MethodInvocationHelper.java:80)
	at org.testng.internal.Invoker.invokeMethod(Invoker.java:673)
	at org.testng.internal.Invoker.invokeTestMethod(Invoker.java:842)
	at org.testng.internal.Invoker.invokeTestMethods(Invoker.java:1166)
	at org.testng.internal.TestMethodWorker.invokeTestMethods(TestMethodWorker.java:125)
	at org.testng.internal.TestMethodWorker.run(TestMethodWorker.java:109)
	at org.testng.TestRunner.runWorkers(TestRunner.java:1178)
	at org.testng.TestRunner.privateRun(TestRunner.java:757)
	at org.testng.TestRunner.run(TestRunner.java:608)
	at org.testng.SuiteRunner.runTest(SuiteRunner.java:334)
	at org.testng.SuiteRunner.runSequentially(SuiteRunner.java:329)
	at org.testng.SuiteRunner.privateRun(SuiteRunner.java:291)
	at org.testng.SuiteRunner.run(SuiteRunner.java:240)
	at org.testng.SuiteRunnerWorker.runSuite(SuiteRunnerWorker.java:52)
	at org.testng.SuiteRunnerWorker.run(SuiteRunnerWorker.java:86)
	at org.testng.TestNG.runSuitesSequentially(TestNG.java:1158)
	at org.testng.TestNG.runSuitesLocally(TestNG.java:1083)
	at org.testng.TestNG.run(TestNG.java:999)
	at org.testng.remote.AbstractRemoteTestNG.run(AbstractRemoteTestNG.java:115)
	at org.testng.remote.RemoteTestNG.initAndRun(RemoteTestNG.java:293)
	at org.testng.remote.RemoteTestNG.main(RemoteTestNG.java:91)
]]>
            </full-stacktrace>
          </exception>
        </test-method>
        <test-method signature="Verify_Entity_Details_POA_Screen()" started-at="2025-01-06T13:59:33Z" name="Verify_Entity_Details_POA_Screen" finished-at="2025-01-06T13:59:34Z" duration-ms="710" status="PASS">
        </test-method>
        <test-method signature="Verify_Credit_Facility_Details_Screen()" started-at="2025-01-06T13:59:34Z" name="Verify_Credit_Facility_Details_Screen" finished-at="2025-01-06T13:59:35Z" duration-ms="1556" status="PASS">
        </test-method>
        <test-method signature="Verify_Entity_Details_Account_Details_Screen()" started-at="2025-01-06T13:59:35Z" name="Verify_Entity_Details_Account_Details_Screen" finished-at="2025-01-06T13:59:36Z" duration-ms="866" status="PASS">
        </test-method>
        <test-method signature="Verify_Entity_Details_Profile_Sheet_Screen()" started-at="2025-01-06T13:59:36Z" name="Verify_Entity_Details_Profile_Sheet_Screen" finished-at="2025-01-06T13:59:40Z" duration-ms="3425" status="PASS">
        </test-method>
        <test-method signature="Verify_Entity_Details_Chennel_Facility_Screen()" started-at="2025-01-06T13:59:40Z" name="Verify_Entity_Details_Chennel_Facility_Screen" finished-at="2025-01-06T13:59:50Z" duration-ms="10073" status="FAIL">
          <exception class="org.openqa.selenium.NoSuchElementException">
            <message>
              <![CDATA[no such element: Unable to locate element: {"method":"xpath","selector":"//*[@id='EntityDetails_checkbox2']/parent::div/div"}
  (Session info: chrome=131.0.6778.205)
For documentation on this error, please visit: https://www.seleniumhq.org/exceptions/no_such_element.html
Build info: version: '3.141.59', revision: 'e82be7d358', time: '2018-11-14T08:17:03'
System info: host: 'LPT6849', ip: '192.168.101.141', os.name: 'Windows 11', os.arch: 'amd64', os.version: '10.0', java.version: '23.0.1'
Driver info: org.openqa.selenium.chrome.ChromeDriver
Capabilities {acceptInsecureCerts: false, browserName: chrome, browserVersion: 131.0.6778.205, chrome: {chromedriverVersion: 131.0.6778.108 (3b014839fbc..., userDataDir: C:\Users\NARWAD~1.RAM\AppDa...}, fedcm:accounts: true, goog:chromeOptions: {debuggerAddress: localhost:55108}, javascriptEnabled: true, networkConnectionEnabled: false, pageLoadStrategy: normal, platform: WINDOWS, platformName: WINDOWS, proxy: Proxy(), setWindowRect: true, strictFileInteractability: false, timeouts: {implicit: 0, pageLoad: 300000, script: 30000}, unhandledPromptBehavior: dismiss and notify, webauthn:extension:credBlob: true, webauthn:extension:largeBlob: true, webauthn:extension:minPinLength: true, webauthn:extension:prf: true, webauthn:virtualAuthenticators: true}
Session ID: f011086ab7a98297d4b9ed1ed2a74b1a
*** Element info: {Using=xpath, value=//*[@id='EntityDetails_checkbox2']/parent::div/div}]]>
            </message>
            <full-stacktrace>
              <![CDATA[org.openqa.selenium.NoSuchElementException: no such element: Unable to locate element: {"method":"xpath","selector":"//*[@id='EntityDetails_checkbox2']/parent::div/div"}
  (Session info: chrome=131.0.6778.205)
For documentation on this error, please visit: https://www.seleniumhq.org/exceptions/no_such_element.html
Build info: version: '3.141.59', revision: 'e82be7d358', time: '2018-11-14T08:17:03'
System info: host: 'LPT6849', ip: '192.168.101.141', os.name: 'Windows 11', os.arch: 'amd64', os.version: '10.0', java.version: '23.0.1'
Driver info: org.openqa.selenium.chrome.ChromeDriver
Capabilities {acceptInsecureCerts: false, browserName: chrome, browserVersion: 131.0.6778.205, chrome: {chromedriverVersion: 131.0.6778.108 (3b014839fbc..., userDataDir: C:\Users\NARWAD~1.RAM\AppDa...}, fedcm:accounts: true, goog:chromeOptions: {debuggerAddress: localhost:55108}, javascriptEnabled: true, networkConnectionEnabled: false, pageLoadStrategy: normal, platform: WINDOWS, platformName: WINDOWS, proxy: Proxy(), setWindowRect: true, strictFileInteractability: false, timeouts: {implicit: 0, pageLoad: 300000, script: 30000}, unhandledPromptBehavior: dismiss and notify, webauthn:extension:credBlob: true, webauthn:extension:largeBlob: true, webauthn:extension:minPinLength: true, webauthn:extension:prf: true, webauthn:virtualAuthenticators: true}
Session ID: f011086ab7a98297d4b9ed1ed2a74b1a
*** Element info: {Using=xpath, value=//*[@id='EntityDetails_checkbox2']/parent::div/div}
	at java.base/jdk.internal.reflect.DirectConstructorHandleAccessor.newInstance(DirectConstructorHandleAccessor.java:62)
	at java.base/java.lang.reflect.Constructor.newInstanceWithCaller(Constructor.java:501)
	at java.base/java.lang.reflect.Constructor.newInstance(Constructor.java:485)
	at org.openqa.selenium.remote.http.W3CHttpResponseCodec.createException(W3CHttpResponseCodec.java:187)
	at org.openqa.selenium.remote.http.W3CHttpResponseCodec.decode(W3CHttpResponseCodec.java:122)
	at org.openqa.selenium.remote.http.W3CHttpResponseCodec.decode(W3CHttpResponseCodec.java:49)
	at org.openqa.selenium.remote.HttpCommandExecutor.execute(HttpCommandExecutor.java:158)
	at org.openqa.selenium.remote.service.DriverCommandExecutor.execute(DriverCommandExecutor.java:83)
	at org.openqa.selenium.remote.RemoteWebDriver.execute(RemoteWebDriver.java:552)
	at org.openqa.selenium.remote.RemoteWebDriver.findElement(RemoteWebDriver.java:323)
	at org.openqa.selenium.remote.RemoteWebDriver.findElementByXPath(RemoteWebDriver.java:428)
	at org.openqa.selenium.By$ByXPath.findElement(By.java:353)
	at org.openqa.selenium.remote.RemoteWebDriver.findElement(RemoteWebDriver.java:315)
	at org.openqa.selenium.support.pagefactory.DefaultElementLocator.findElement(DefaultElementLocator.java:69)
	at org.openqa.selenium.support.pagefactory.internal.LocatingElementHandler.invoke(LocatingElementHandler.java:38)
	at jdk.proxy2/jdk.proxy2.$Proxy12.click(Unknown Source)
	at Com.AxisBankQA.Pages.EntityDetailsPage.Select_CheckBox_AccountStatement(EntityDetailsPage.java:304)
	at Com.AxisBank.QATest.TestCases.Verify_Entity_Details_Chennel_Facility_Screen(TestCases.java:138)
	at java.base/jdk.internal.reflect.DirectMethodHandleAccessor.invoke(DirectMethodHandleAccessor.java:103)
	at java.base/java.lang.reflect.Method.invoke(Method.java:580)
	at org.testng.internal.MethodInvocationHelper.invokeMethod(MethodInvocationHelper.java:80)
	at org.testng.internal.Invoker.invokeMethod(Invoker.java:673)
	at org.testng.internal.Invoker.invokeTestMethod(Invoker.java:842)
	at org.testng.internal.Invoker.invokeTestMethods(Invoker.java:1166)
	at org.testng.internal.TestMethodWorker.invokeTestMethods(TestMethodWorker.java:125)
	at org.testng.internal.TestMethodWorker.run(TestMethodWorker.java:109)
	at org.testng.TestRunner.runWorkers(TestRunner.java:1178)
	at org.testng.TestRunner.privateRun(TestRunner.java:757)
	at org.testng.TestRunner.run(TestRunner.java:608)
	at org.testng.SuiteRunner.runTest(SuiteRunner.java:334)
	at org.testng.SuiteRunner.runSequentially(SuiteRunner.java:329)
	at org.testng.SuiteRunner.privateRun(SuiteRunner.java:291)
	at org.testng.SuiteRunner.run(SuiteRunner.java:240)
	at org.testng.SuiteRunnerWorker.runSuite(SuiteRunnerWorker.java:52)
	at org.testng.SuiteRunnerWorker.run(SuiteRunnerWorker.java:86)
	at org.testng.TestNG.runSuitesSequentially(TestNG.java:1158)
	at org.testng.TestNG.runSuitesLocally(TestNG.java:1083)
	at org.testng.TestNG.run(TestNG.java:999)
	at org.testng.remote.AbstractRemoteTestNG.run(AbstractRemoteTestNG.java:115)
	at org.testng.remote.RemoteTestNG.initAndRun(RemoteTestNG.java:293)
	at org.testng.remote.RemoteTestNG.main(RemoteTestNG.java:91)
]]>
            </full-stacktrace>
          </exception>
        </test-method>
        <test-method signature="Verify_ApplicationDetailsPage_PersoanlDetails()" started-at="2025-01-06T13:59:50Z" name="Verify_ApplicationDetailsPage_PersoanlDetails" finished-at="2025-01-06T13:59:55Z" duration-ms="5116" status="PASS">
        </test-method>
        <test-method signature="Verify_ApplicationDetailsPage_BusinessDetails()" started-at="2025-01-06T13:59:55Z" name="Verify_ApplicationDetailsPage_BusinessDetails" finished-at="2025-01-06T13:59:55Z" duration-ms="613" status="PASS">
        </test-method>
        <test-method signature="Verify_ApplicationDetailsPage_FamilyDetails()" started-at="2025-01-06T13:59:55Z" name="Verify_ApplicationDetailsPage_FamilyDetails" finished-at="2025-01-06T13:59:56Z" duration-ms="943" status="PASS">
        </test-method>
        <test-method signature="Verify_ApplicationDetailsPage_AddressDetails()" started-at="2025-01-06T13:59:56Z" name="Verify_ApplicationDetailsPage_AddressDetails" finished-at="2025-01-06T13:59:58Z" duration-ms="1489" status="PASS">
        </test-method>
        <test-method signature="Verify_ApplicationDetailsPage_AddNominee()" started-at="2025-01-06T13:59:58Z" name="Verify_ApplicationDetailsPage_AddNominee" finished-at="2025-01-06T13:59:58Z" duration-ms="307" status="PASS">
        </test-method>
        <test-method signature="Verify_ApplicationDetailsPage_CreditFacilityDetails()" started-at="2025-01-06T13:59:58Z" name="Verify_ApplicationDetailsPage_CreditFacilityDetails" finished-at="2025-01-06T13:59:59Z" duration-ms="1091" status="PASS">
        </test-method>
        <test-method signature="Verify_ApplicationDetailsPage_DebitCardDetails()" started-at="2025-01-06T13:59:59Z" name="Verify_ApplicationDetailsPage_DebitCardDetails" finished-at="2025-01-06T13:59:59Z" duration-ms="199" status="PASS">
        </test-method>
        <test-method signature="Verify_ApplicationDetailsPage_FATCA_Details()" started-at="2025-01-06T13:59:59Z" name="Verify_ApplicationDetailsPage_FATCA_Details" finished-at="2025-01-06T14:00:01Z" duration-ms="1526" status="PASS">
        </test-method>
        <test-method signature="Verify_ApplicationDetailsPage_Add_LOA()" started-at="2025-01-06T14:00:01Z" name="Verify_ApplicationDetailsPage_Add_LOA" finished-at="2025-01-06T14:00:01Z" duration-ms="505" status="PASS">
        </test-method>
        <test-method signature="Verify_LOA_KYC_Screen()" started-at="2025-01-06T14:00:01Z" name="Verify_LOA_KYC_Screen" finished-at="2025-01-06T14:00:03Z" duration-ms="1467" status="PASS">
        </test-method>
        <test-method signature="Verify_LOA_Application_DetailsPage_PersonalDetails()" started-at="2025-01-06T14:00:03Z" name="Verify_LOA_Application_DetailsPage_PersonalDetails" finished-at="2025-01-06T14:00:04Z" duration-ms="1298" status="PASS">
        </test-method>
        <test-method signature="Verify_LOA_ApplicationDetailsPage_BusinessDetails()" started-at="2025-01-06T14:00:04Z" name="Verify_LOA_ApplicationDetailsPage_BusinessDetails" finished-at="2025-01-06T14:00:05Z" duration-ms="663" status="PASS">
        </test-method>
        <test-method signature="Verify_LOA_ApplicationDetailsPage_FamilyDetails()" started-at="2025-01-06T14:00:05Z" name="Verify_LOA_ApplicationDetailsPage_FamilyDetails" finished-at="2025-01-06T14:00:05Z" duration-ms="583" status="PASS">
        </test-method>
        <test-method signature="Verify_LOA_ApplicationDetailsPage_AddressDetails()" started-at="2025-01-06T14:00:05Z" name="Verify_LOA_ApplicationDetailsPage_AddressDetails" finished-at="2025-01-06T14:00:07Z" duration-ms="1392" status="PASS">
        </test-method>
        <test-method signature="Verify_LOA_ApplicationDetailsPage_DebitCardDetails()" started-at="2025-01-06T14:00:07Z" name="Verify_LOA_ApplicationDetailsPage_DebitCardDetails" finished-at="2025-01-06T14:00:07Z" duration-ms="188" status="PASS">
        </test-method>
        <test-method signature="Verify_LOA_ApplicationDetailsPage_FATCA_Details()" started-at="2025-01-06T14:00:07Z" name="Verify_LOA_ApplicationDetailsPage_FATCA_Details" finished-at="2025-01-06T14:00:09Z" duration-ms="1698" status="PASS">
        </test-method>
        <test-method signature="verify_ApplicationReviewPage()" started-at="2025-01-06T14:00:09Z" name="verify_ApplicationReviewPage" finished-at="2025-01-06T14:00:38Z" duration-ms="29452" status="PASS">
        </test-method>
        <test-method signature="Verify_Funding_Page()" started-at="2025-01-06T14:00:38Z" name="Verify_Funding_Page" finished-at="2025-01-06T14:00:39Z" duration-ms="884" status="PASS">
        </test-method>
        <test-method signature="Verify_VKYC_Page_SendVKYC()" started-at="2025-01-06T14:00:39Z" name="Verify_VKYC_Page_SendVKYC" finished-at="2025-01-06T14:00:40Z" duration-ms="424" status="PASS">
        </test-method>
        <test-method signature="Verify_VKYC_Page_Verification_Via_Video()" started-at="2025-01-06T14:00:40Z" name="Verify_VKYC_Page_Verification_Via_Video" finished-at="2025-01-06T14:00:44Z" duration-ms="4623" status="PASS">
        </test-method>
        <test-method signature="Verify_ConfigurationPage_AccountDetails()" started-at="2025-01-06T14:00:44Z" name="Verify_ConfigurationPage_AccountDetails" finished-at="2025-01-06T14:00:48Z" duration-ms="4098" status="PASS">
        </test-method>
        <test-method is-config="true" signature="teardown()" started-at="2025-01-06T14:00:48Z" name="teardown" finished-at="2025-01-06T14:00:49Z" duration-ms="557" status="PASS">
        </test-method>
      </class>
    </test>
  </suite>
</testng-results>
