<html>
<head>
<title>TestNG:  ShyamNarwade</title>
<link href="../testng.css" rel="stylesheet" type="text/css" />
<link href="../my-testng.css" rel="stylesheet" type="text/css" />

<style type="text/css">
.log { display: none;} 
.stack-trace { display: none;} 
</style>
<script type="text/javascript">
<!--
function flip(e) {
  current = e.style.display;
  if (current == 'block') {
    e.style.display = 'none';
    return 0;
  }
  else {
    e.style.display = 'block';
    return 1;
  }
}

function toggleBox(szDivId, elem, msg1, msg2)
{
  var res = -1;  if (document.getElementById) {
    res = flip(document.getElementById(szDivId));
  }
  else if (document.all) {
    // this is the way old msie versions work
    res = flip(document.all[szDivId]);
  }
  if(elem) {
    if(res == 0) elem.innerHTML = msg1; else elem.innerHTML = msg2;
  }

}

function toggleAllBoxes() {
  if (document.getElementsByTagName) {
    d = document.getElementsByTagName('div');
    for (i = 0; i < d.length; i++) {
      if (d[i].className == 'log') {
        flip(d[i]);
      }
    }
  }
}

// -->
</script>

</head>
<body>
<h2 align='center'>ShyamNarwade</h2><table border='1' align="center">
<tr>
<td>Tests passed/Failed/Skipped:</td><td>27/2/0</td>
</tr><tr>
<td>Started on:</td><td>Mon Jan 06 13:59:12 IST 2025</td>
</tr>
<tr><td>Total time:</td><td>96 seconds (96483 ms)</td>
</tr><tr>
<td>Included groups:</td><td></td>
</tr><tr>
<td>Excluded groups:</td><td></td>
</tr>
</table><p/>
<small><i>(Hover the method name to see the test class name)</i></small><p/>
<table width='100%' border='1' class='invocation-failed'>
<tr><td colspan='4' align='center'><b>FAILED TESTS</b></td></tr>
<tr><td><b>Test method</b></td>
<td width="30%"><b>Exception</b></td>
<td width="10%"><b>Time (seconds)</b></td>
<td><b>Instance</b></td>
</tr>
<tr>
<td title='Com.AxisBank.QATest.TestCases.Verify_Entity_Details_Chennel_Facility_Screen()'><b>Verify_Entity_Details_Chennel_Facility_Screen</b><br>Test class: Com.AxisBank.QATest.TestCases</td>
<td><div><pre>org.openqa.selenium.NoSuchElementException: no such element: Unable to locate element: {&quot;method&quot;:&quot;xpath&quot;,&quot;selector&quot;:&quot;//*[@id=&apos;EntityDetails_checkbox2&apos;]/parent::div/div&quot;}
  (Session info: chrome=131.0.6778.205)
For documentation on this error, please visit: https://www.seleniumhq.org/exceptions/no_such_element.html
Build info: version: &apos;3.141.59&apos;, revision: &apos;e82be7d358&apos;, time: &apos;2018-11-14T08:17:03&apos;
System info: host: &apos;LPT6849&apos;, ip: &apos;192.168.101.141&apos;, os.name: &apos;Windows 11&apos;, os.arch: &apos;amd64&apos;, os.version: &apos;10.0&apos;, java.version: &apos;23.0.1&apos;
Driver info: org.openqa.selenium.chrome.ChromeDriver
Capabilities {acceptInsecureCerts: false, browserName: chrome, browserVersion: 131.0.6778.205, chrome: {chromedriverVersion: 131.0.6778.108 (3b014839fbc..., userDataDir: C:\Users\NARWAD~1.RAM\AppDa...}, fedcm:accounts: true, goog:chromeOptions: {debuggerAddress: localhost:55108}, javascriptEnabled: true, networkConnectionEnabled: false, pageLoadStrategy: normal, platform: WINDOWS, platformName: WINDOWS, proxy: Proxy(), setWindowRect: true, strictFileInteractability: false, timeouts: {implicit: 0, pageLoad: 300000, script: 30000}, unhandledPromptBehavior: dismiss and notify, webauthn:extension:credBlob: true, webauthn:extension:largeBlob: true, webauthn:extension:minPinLength: true, webauthn:extension:prf: true, webauthn:virtualAuthenticators: true}
Session ID: f011086ab7a98297d4b9ed1ed2a74b1a
*** Element info: {Using=xpath, value=//*[@id=&apos;EntityDetails_checkbox2&apos;]/parent::div/div}
	at org.openqa.selenium.remote.http.W3CHttpResponseCodec.createException(W3CHttpResponseCodec.java:187)
	at org.openqa.selenium.remote.http.W3CHttpResponseCodec.decode(W3CHttpResponseCodec.java:122)
	at org.openqa.selenium.remote.http.W3CHttpResponseCodec.decode(W3CHttpResponseCodec.java:49)
	at org.openqa.selenium.remote.HttpCommandExecutor.execute(HttpCommandExecutor.java:158)
	at org.openqa.selenium.remote.service.DriverCommandExecutor.execute(DriverCommandExecutor.java:83)
	at org.openqa.selenium.remote.RemoteWebDriver.execute(RemoteWebDriver.java:552)
	at org.openqa.selenium.remote.RemoteWebDriver.findElement(RemoteWebDriver.java:323)
	at org.openqa.selenium.remote.RemoteWebDriver.findElementByXPath(RemoteWebDriver.java:428)
	at org.openqa.selenium.By$ByXPath.findElement(By.java:353)
	at org.openqa.selenium.remote.RemoteWebDriver.findElement(RemoteWebDriver.java:315)
	at org.openqa.selenium.support.pagefactory.DefaultElementLocator.findElement(DefaultElementLocator.java:69)
	at org.openqa.selenium.support.pagefactory.internal.LocatingElementHandler.invoke(LocatingElementHandler.java:38)
	at jdk.proxy2/jdk.proxy2.$Proxy12.click(Unknown Source)
	at Com.AxisBankQA.Pages.EntityDetailsPage.Select_CheckBox_AccountStatement(EntityDetailsPage.java:304)
	at Com.AxisBank.QATest.TestCases.Verify_Entity_Details_Chennel_Facility_Screen(TestCases.java:138)
... Removed 26 stack frames</pre></div><a href='#' onClick='toggleBox("stack-trace1586289269", this, "Click to show all stack frames", "Click to hide stack frames")'>Click to show all stack frames</a>
<div class='stack-trace' id='stack-trace1586289269'><pre>org.openqa.selenium.NoSuchElementException: no such element: Unable to locate element: {"method":"xpath","selector":"//*[@id='EntityDetails_checkbox2']/parent::div/div"}
  (Session info: chrome=131.0.6778.205)
For documentation on this error, please visit: https://www.seleniumhq.org/exceptions/no_such_element.html
Build info: version: '3.141.59', revision: 'e82be7d358', time: '2018-11-14T08:17:03'
System info: host: 'LPT6849', ip: '192.168.101.141', os.name: 'Windows 11', os.arch: 'amd64', os.version: '10.0', java.version: '23.0.1'
Driver info: org.openqa.selenium.chrome.ChromeDriver
Capabilities {acceptInsecureCerts: false, browserName: chrome, browserVersion: 131.0.6778.205, chrome: {chromedriverVersion: 131.0.6778.108 (3b014839fbc..., userDataDir: C:\Users\NARWAD~1.RAM\AppDa...}, fedcm:accounts: true, goog:chromeOptions: {debuggerAddress: localhost:55108}, javascriptEnabled: true, networkConnectionEnabled: false, pageLoadStrategy: normal, platform: WINDOWS, platformName: WINDOWS, proxy: Proxy(), setWindowRect: true, strictFileInteractability: false, timeouts: {implicit: 0, pageLoad: 300000, script: 30000}, unhandledPromptBehavior: dismiss and notify, webauthn:extension:credBlob: true, webauthn:extension:largeBlob: true, webauthn:extension:minPinLength: true, webauthn:extension:prf: true, webauthn:virtualAuthenticators: true}
Session ID: f011086ab7a98297d4b9ed1ed2a74b1a
*** Element info: {Using=xpath, value=//*[@id='EntityDetails_checkbox2']/parent::div/div}
	at java.base/jdk.internal.reflect.DirectConstructorHandleAccessor.newInstance(DirectConstructorHandleAccessor.java:62)
	at java.base/java.lang.reflect.Constructor.newInstanceWithCaller(Constructor.java:501)
	at java.base/java.lang.reflect.Constructor.newInstance(Constructor.java:485)
	at org.openqa.selenium.remote.http.W3CHttpResponseCodec.createException(W3CHttpResponseCodec.java:187)
	at org.openqa.selenium.remote.http.W3CHttpResponseCodec.decode(W3CHttpResponseCodec.java:122)
	at org.openqa.selenium.remote.http.W3CHttpResponseCodec.decode(W3CHttpResponseCodec.java:49)
	at org.openqa.selenium.remote.HttpCommandExecutor.execute(HttpCommandExecutor.java:158)
	at org.openqa.selenium.remote.service.DriverCommandExecutor.execute(DriverCommandExecutor.java:83)
	at org.openqa.selenium.remote.RemoteWebDriver.execute(RemoteWebDriver.java:552)
	at org.openqa.selenium.remote.RemoteWebDriver.findElement(RemoteWebDriver.java:323)
	at org.openqa.selenium.remote.RemoteWebDriver.findElementByXPath(RemoteWebDriver.java:428)
	at org.openqa.selenium.By$ByXPath.findElement(By.java:353)
	at org.openqa.selenium.remote.RemoteWebDriver.findElement(RemoteWebDriver.java:315)
	at org.openqa.selenium.support.pagefactory.DefaultElementLocator.findElement(DefaultElementLocator.java:69)
	at org.openqa.selenium.support.pagefactory.internal.LocatingElementHandler.invoke(LocatingElementHandler.java:38)
	at jdk.proxy2/jdk.proxy2.$Proxy12.click(Unknown Source)
	at Com.AxisBankQA.Pages.EntityDetailsPage.Select_CheckBox_AccountStatement(EntityDetailsPage.java:304)
	at Com.AxisBank.QATest.TestCases.Verify_Entity_Details_Chennel_Facility_Screen(TestCases.java:138)
	at java.base/jdk.internal.reflect.DirectMethodHandleAccessor.invoke(DirectMethodHandleAccessor.java:103)
	at java.base/java.lang.reflect.Method.invoke(Method.java:580)
	at org.testng.internal.MethodInvocationHelper.invokeMethod(MethodInvocationHelper.java:80)
	at org.testng.internal.Invoker.invokeMethod(Invoker.java:673)
	at org.testng.internal.Invoker.invokeTestMethod(Invoker.java:842)
	at org.testng.internal.Invoker.invokeTestMethods(Invoker.java:1166)
	at org.testng.internal.TestMethodWorker.invokeTestMethods(TestMethodWorker.java:125)
	at org.testng.internal.TestMethodWorker.run(TestMethodWorker.java:109)
	at org.testng.TestRunner.runWorkers(TestRunner.java:1178)
	at org.testng.TestRunner.privateRun(TestRunner.java:757)
	at org.testng.TestRunner.run(TestRunner.java:608)
	at org.testng.SuiteRunner.runTest(SuiteRunner.java:334)
	at org.testng.SuiteRunner.runSequentially(SuiteRunner.java:329)
	at org.testng.SuiteRunner.privateRun(SuiteRunner.java:291)
	at org.testng.SuiteRunner.run(SuiteRunner.java:240)
	at org.testng.SuiteRunnerWorker.runSuite(SuiteRunnerWorker.java:52)
	at org.testng.SuiteRunnerWorker.run(SuiteRunnerWorker.java:86)
	at org.testng.TestNG.runSuitesSequentially(TestNG.java:1158)
	at org.testng.TestNG.runSuitesLocally(TestNG.java:1083)
	at org.testng.TestNG.run(TestNG.java:999)
	at org.testng.remote.AbstractRemoteTestNG.run(AbstractRemoteTestNG.java:115)
	at org.testng.remote.RemoteTestNG.initAndRun(RemoteTestNG.java:293)
	at org.testng.remote.RemoteTestNG.main(RemoteTestNG.java:91)
</pre></div></td>
<td>10</td>
<td>Com.AxisBank.QATest.TestCases@5b38c1ec</td></tr>
<tr>
<td title='Com.AxisBank.QATest.TestCases.Verify_Entity_Details_POI_Screen()'><b>Verify_Entity_Details_POI_Screen</b><br>Test class: Com.AxisBank.QATest.TestCases</td>
<td><div><pre>org.openqa.selenium.NoSuchElementException: no such element: Unable to locate element: {&quot;method&quot;:&quot;xpath&quot;,&quot;selector&quot;:&quot;//*[@ID=&apos;EntityDetails_checkbox1&apos;]/parent::div&quot;}
  (Session info: chrome=131.0.6778.205)
For documentation on this error, please visit: https://www.seleniumhq.org/exceptions/no_such_element.html
Build info: version: &apos;3.141.59&apos;, revision: &apos;e82be7d358&apos;, time: &apos;2018-11-14T08:17:03&apos;
System info: host: &apos;LPT6849&apos;, ip: &apos;192.168.101.141&apos;, os.name: &apos;Windows 11&apos;, os.arch: &apos;amd64&apos;, os.version: &apos;10.0&apos;, java.version: &apos;23.0.1&apos;
Driver info: org.openqa.selenium.chrome.ChromeDriver
Capabilities {acceptInsecureCerts: false, browserName: chrome, browserVersion: 131.0.6778.205, chrome: {chromedriverVersion: 131.0.6778.108 (3b014839fbc..., userDataDir: C:\Users\NARWAD~1.RAM\AppDa...}, fedcm:accounts: true, goog:chromeOptions: {debuggerAddress: localhost:55108}, javascriptEnabled: true, networkConnectionEnabled: false, pageLoadStrategy: normal, platform: WINDOWS, platformName: WINDOWS, proxy: Proxy(), setWindowRect: true, strictFileInteractability: false, timeouts: {implicit: 0, pageLoad: 300000, script: 30000}, unhandledPromptBehavior: dismiss and notify, webauthn:extension:credBlob: true, webauthn:extension:largeBlob: true, webauthn:extension:minPinLength: true, webauthn:extension:prf: true, webauthn:virtualAuthenticators: true}
Session ID: f011086ab7a98297d4b9ed1ed2a74b1a
*** Element info: {Using=xpath, value=//*[@ID=&apos;EntityDetails_checkbox1&apos;]/parent::div}
	at org.openqa.selenium.remote.http.W3CHttpResponseCodec.createException(W3CHttpResponseCodec.java:187)
	at org.openqa.selenium.remote.http.W3CHttpResponseCodec.decode(W3CHttpResponseCodec.java:122)
	at org.openqa.selenium.remote.http.W3CHttpResponseCodec.decode(W3CHttpResponseCodec.java:49)
	at org.openqa.selenium.remote.HttpCommandExecutor.execute(HttpCommandExecutor.java:158)
	at org.openqa.selenium.remote.service.DriverCommandExecutor.execute(DriverCommandExecutor.java:83)
	at org.openqa.selenium.remote.RemoteWebDriver.execute(RemoteWebDriver.java:552)
	at org.openqa.selenium.remote.RemoteWebDriver.findElement(RemoteWebDriver.java:323)
	at org.openqa.selenium.remote.RemoteWebDriver.findElementByXPath(RemoteWebDriver.java:428)
	at org.openqa.selenium.By$ByXPath.findElement(By.java:353)
	at org.openqa.selenium.remote.RemoteWebDriver.findElement(RemoteWebDriver.java:315)
	at org.openqa.selenium.support.pagefactory.DefaultElementLocator.findElement(DefaultElementLocator.java:69)
	at org.openqa.selenium.support.pagefactory.internal.LocatingElementHandler.invoke(LocatingElementHandler.java:38)
	at jdk.proxy2/jdk.proxy2.$Proxy12.click(Unknown Source)
	at Com.AxisBankQA.Pages.EntityDetailsPage.select_CheckBox_for_Auth_API(EntityDetailsPage.java:141)
	at Com.AxisBank.QATest.TestCases.Verify_Entity_Details_POI_Screen(TestCases.java:77)
... Removed 26 stack frames</pre></div><a href='#' onClick='toggleBox("stack-trace948650013", this, "Click to show all stack frames", "Click to hide stack frames")'>Click to show all stack frames</a>
<div class='stack-trace' id='stack-trace948650013'><pre>org.openqa.selenium.NoSuchElementException: no such element: Unable to locate element: {"method":"xpath","selector":"//*[@ID='EntityDetails_checkbox1']/parent::div"}
  (Session info: chrome=131.0.6778.205)
For documentation on this error, please visit: https://www.seleniumhq.org/exceptions/no_such_element.html
Build info: version: '3.141.59', revision: 'e82be7d358', time: '2018-11-14T08:17:03'
System info: host: 'LPT6849', ip: '192.168.101.141', os.name: 'Windows 11', os.arch: 'amd64', os.version: '10.0', java.version: '23.0.1'
Driver info: org.openqa.selenium.chrome.ChromeDriver
Capabilities {acceptInsecureCerts: false, browserName: chrome, browserVersion: 131.0.6778.205, chrome: {chromedriverVersion: 131.0.6778.108 (3b014839fbc..., userDataDir: C:\Users\NARWAD~1.RAM\AppDa...}, fedcm:accounts: true, goog:chromeOptions: {debuggerAddress: localhost:55108}, javascriptEnabled: true, networkConnectionEnabled: false, pageLoadStrategy: normal, platform: WINDOWS, platformName: WINDOWS, proxy: Proxy(), setWindowRect: true, strictFileInteractability: false, timeouts: {implicit: 0, pageLoad: 300000, script: 30000}, unhandledPromptBehavior: dismiss and notify, webauthn:extension:credBlob: true, webauthn:extension:largeBlob: true, webauthn:extension:minPinLength: true, webauthn:extension:prf: true, webauthn:virtualAuthenticators: true}
Session ID: f011086ab7a98297d4b9ed1ed2a74b1a
*** Element info: {Using=xpath, value=//*[@ID='EntityDetails_checkbox1']/parent::div}
	at java.base/jdk.internal.reflect.DirectConstructorHandleAccessor.newInstance(DirectConstructorHandleAccessor.java:62)
	at java.base/java.lang.reflect.Constructor.newInstanceWithCaller(Constructor.java:501)
	at java.base/java.lang.reflect.Constructor.newInstance(Constructor.java:485)
	at org.openqa.selenium.remote.http.W3CHttpResponseCodec.createException(W3CHttpResponseCodec.java:187)
	at org.openqa.selenium.remote.http.W3CHttpResponseCodec.decode(W3CHttpResponseCodec.java:122)
	at org.openqa.selenium.remote.http.W3CHttpResponseCodec.decode(W3CHttpResponseCodec.java:49)
	at org.openqa.selenium.remote.HttpCommandExecutor.execute(HttpCommandExecutor.java:158)
	at org.openqa.selenium.remote.service.DriverCommandExecutor.execute(DriverCommandExecutor.java:83)
	at org.openqa.selenium.remote.RemoteWebDriver.execute(RemoteWebDriver.java:552)
	at org.openqa.selenium.remote.RemoteWebDriver.findElement(RemoteWebDriver.java:323)
	at org.openqa.selenium.remote.RemoteWebDriver.findElementByXPath(RemoteWebDriver.java:428)
	at org.openqa.selenium.By$ByXPath.findElement(By.java:353)
	at org.openqa.selenium.remote.RemoteWebDriver.findElement(RemoteWebDriver.java:315)
	at org.openqa.selenium.support.pagefactory.DefaultElementLocator.findElement(DefaultElementLocator.java:69)
	at org.openqa.selenium.support.pagefactory.internal.LocatingElementHandler.invoke(LocatingElementHandler.java:38)
	at jdk.proxy2/jdk.proxy2.$Proxy12.click(Unknown Source)
	at Com.AxisBankQA.Pages.EntityDetailsPage.select_CheckBox_for_Auth_API(EntityDetailsPage.java:141)
	at Com.AxisBank.QATest.TestCases.Verify_Entity_Details_POI_Screen(TestCases.java:77)
	at java.base/jdk.internal.reflect.DirectMethodHandleAccessor.invoke(DirectMethodHandleAccessor.java:103)
	at java.base/java.lang.reflect.Method.invoke(Method.java:580)
	at org.testng.internal.MethodInvocationHelper.invokeMethod(MethodInvocationHelper.java:80)
	at org.testng.internal.Invoker.invokeMethod(Invoker.java:673)
	at org.testng.internal.Invoker.invokeTestMethod(Invoker.java:842)
	at org.testng.internal.Invoker.invokeTestMethods(Invoker.java:1166)
	at org.testng.internal.TestMethodWorker.invokeTestMethods(TestMethodWorker.java:125)
	at org.testng.internal.TestMethodWorker.run(TestMethodWorker.java:109)
	at org.testng.TestRunner.runWorkers(TestRunner.java:1178)
	at org.testng.TestRunner.privateRun(TestRunner.java:757)
	at org.testng.TestRunner.run(TestRunner.java:608)
	at org.testng.SuiteRunner.runTest(SuiteRunner.java:334)
	at org.testng.SuiteRunner.runSequentially(SuiteRunner.java:329)
	at org.testng.SuiteRunner.privateRun(SuiteRunner.java:291)
	at org.testng.SuiteRunner.run(SuiteRunner.java:240)
	at org.testng.SuiteRunnerWorker.runSuite(SuiteRunnerWorker.java:52)
	at org.testng.SuiteRunnerWorker.run(SuiteRunnerWorker.java:86)
	at org.testng.TestNG.runSuitesSequentially(TestNG.java:1158)
	at org.testng.TestNG.runSuitesLocally(TestNG.java:1083)
	at org.testng.TestNG.run(TestNG.java:999)
	at org.testng.remote.AbstractRemoteTestNG.run(AbstractRemoteTestNG.java:115)
	at org.testng.remote.RemoteTestNG.initAndRun(RemoteTestNG.java:293)
	at org.testng.remote.RemoteTestNG.main(RemoteTestNG.java:91)
</pre></div></td>
<td>11</td>
<td>Com.AxisBank.QATest.TestCases@5b38c1ec</td></tr>
</table><p>
<table width='100%' border='1' class='invocation-passed'>
<tr><td colspan='4' align='center'><b>PASSED TESTS</b></td></tr>
<tr><td><b>Test method</b></td>
<td width="30%"><b>Exception</b></td>
<td width="10%"><b>Time (seconds)</b></td>
<td><b>Instance</b></td>
</tr>
<tr>
<td title='Com.AxisBank.QATest.TestCases.KYC_ScreenTest_Positive()'><b>KYC_ScreenTest_Positive</b><br>Test class: Com.AxisBank.QATest.TestCases</td>
<td></td>
<td>4</td>
<td>Com.AxisBank.QATest.TestCases@5b38c1ec</td></tr>
<tr>
<td title='Com.AxisBank.QATest.TestCases.VerifyTrasactionPage()'><b>VerifyTrasactionPage</b><br>Test class: Com.AxisBank.QATest.TestCases<br/>
<a href="#Output-144467413" onClick='toggleBox("Output-144467413", this, "Show output", "Hide output");'>Show output</a>

<a href="#Output-144467413" onClick="toggleAllBoxes();">Show all outputs</a>
<div class='log' id="Output-144467413">
VerifyTransctionBtn<br/>
</div>
</td>
<td></td>
<td>0</td>
<td>Com.AxisBank.QATest.TestCases@5b38c1ec</td></tr>
<tr>
<td title='Com.AxisBank.QATest.TestCases.Verify_ApplicationDetailsPage_AddNominee()'><b>Verify_ApplicationDetailsPage_AddNominee</b><br>Test class: Com.AxisBank.QATest.TestCases</td>
<td></td>
<td>0</td>
<td>Com.AxisBank.QATest.TestCases@5b38c1ec</td></tr>
<tr>
<td title='Com.AxisBank.QATest.TestCases.Verify_ApplicationDetailsPage_Add_LOA()'><b>Verify_ApplicationDetailsPage_Add_LOA</b><br>Test class: Com.AxisBank.QATest.TestCases</td>
<td></td>
<td>0</td>
<td>Com.AxisBank.QATest.TestCases@5b38c1ec</td></tr>
<tr>
<td title='Com.AxisBank.QATest.TestCases.Verify_ApplicationDetailsPage_AddressDetails()'><b>Verify_ApplicationDetailsPage_AddressDetails</b><br>Test class: Com.AxisBank.QATest.TestCases</td>
<td></td>
<td>1</td>
<td>Com.AxisBank.QATest.TestCases@5b38c1ec</td></tr>
<tr>
<td title='Com.AxisBank.QATest.TestCases.Verify_ApplicationDetailsPage_BusinessDetails()'><b>Verify_ApplicationDetailsPage_BusinessDetails</b><br>Test class: Com.AxisBank.QATest.TestCases</td>
<td></td>
<td>0</td>
<td>Com.AxisBank.QATest.TestCases@5b38c1ec</td></tr>
<tr>
<td title='Com.AxisBank.QATest.TestCases.Verify_ApplicationDetailsPage_CreditFacilityDetails()'><b>Verify_ApplicationDetailsPage_CreditFacilityDetails</b><br>Test class: Com.AxisBank.QATest.TestCases</td>
<td></td>
<td>1</td>
<td>Com.AxisBank.QATest.TestCases@5b38c1ec</td></tr>
<tr>
<td title='Com.AxisBank.QATest.TestCases.Verify_ApplicationDetailsPage_DebitCardDetails()'><b>Verify_ApplicationDetailsPage_DebitCardDetails</b><br>Test class: Com.AxisBank.QATest.TestCases</td>
<td></td>
<td>0</td>
<td>Com.AxisBank.QATest.TestCases@5b38c1ec</td></tr>
<tr>
<td title='Com.AxisBank.QATest.TestCases.Verify_ApplicationDetailsPage_FATCA_Details()'><b>Verify_ApplicationDetailsPage_FATCA_Details</b><br>Test class: Com.AxisBank.QATest.TestCases</td>
<td></td>
<td>1</td>
<td>Com.AxisBank.QATest.TestCases@5b38c1ec</td></tr>
<tr>
<td title='Com.AxisBank.QATest.TestCases.Verify_ApplicationDetailsPage_FamilyDetails()'><b>Verify_ApplicationDetailsPage_FamilyDetails</b><br>Test class: Com.AxisBank.QATest.TestCases</td>
<td></td>
<td>0</td>
<td>Com.AxisBank.QATest.TestCases@5b38c1ec</td></tr>
<tr>
<td title='Com.AxisBank.QATest.TestCases.Verify_ApplicationDetailsPage_PersoanlDetails()'><b>Verify_ApplicationDetailsPage_PersoanlDetails</b><br>Test class: Com.AxisBank.QATest.TestCases</td>
<td></td>
<td>5</td>
<td>Com.AxisBank.QATest.TestCases@5b38c1ec</td></tr>
<tr>
<td title='Com.AxisBank.QATest.TestCases.Verify_ConfigurationPage_AccountDetails()'><b>Verify_ConfigurationPage_AccountDetails</b><br>Test class: Com.AxisBank.QATest.TestCases</td>
<td></td>
<td>4</td>
<td>Com.AxisBank.QATest.TestCases@5b38c1ec</td></tr>
<tr>
<td title='Com.AxisBank.QATest.TestCases.Verify_Credit_Facility_Details_Screen()'><b>Verify_Credit_Facility_Details_Screen</b><br>Test class: Com.AxisBank.QATest.TestCases</td>
<td></td>
<td>1</td>
<td>Com.AxisBank.QATest.TestCases@5b38c1ec</td></tr>
<tr>
<td title='Com.AxisBank.QATest.TestCases.Verify_Entity_Details_Account_Details_Screen()'><b>Verify_Entity_Details_Account_Details_Screen</b><br>Test class: Com.AxisBank.QATest.TestCases</td>
<td></td>
<td>0</td>
<td>Com.AxisBank.QATest.TestCases@5b38c1ec</td></tr>
<tr>
<td title='Com.AxisBank.QATest.TestCases.Verify_Entity_Details_POA_Screen()'><b>Verify_Entity_Details_POA_Screen</b><br>Test class: Com.AxisBank.QATest.TestCases</td>
<td></td>
<td>0</td>
<td>Com.AxisBank.QATest.TestCases@5b38c1ec</td></tr>
<tr>
<td title='Com.AxisBank.QATest.TestCases.Verify_Entity_Details_Profile_Sheet_Screen()'><b>Verify_Entity_Details_Profile_Sheet_Screen</b><br>Test class: Com.AxisBank.QATest.TestCases</td>
<td></td>
<td>3</td>
<td>Com.AxisBank.QATest.TestCases@5b38c1ec</td></tr>
<tr>
<td title='Com.AxisBank.QATest.TestCases.Verify_Funding_Page()'><b>Verify_Funding_Page</b><br>Test class: Com.AxisBank.QATest.TestCases</td>
<td></td>
<td>0</td>
<td>Com.AxisBank.QATest.TestCases@5b38c1ec</td></tr>
<tr>
<td title='Com.AxisBank.QATest.TestCases.Verify_LOA_ApplicationDetailsPage_AddressDetails()'><b>Verify_LOA_ApplicationDetailsPage_AddressDetails</b><br>Test class: Com.AxisBank.QATest.TestCases</td>
<td></td>
<td>1</td>
<td>Com.AxisBank.QATest.TestCases@5b38c1ec</td></tr>
<tr>
<td title='Com.AxisBank.QATest.TestCases.Verify_LOA_ApplicationDetailsPage_BusinessDetails()'><b>Verify_LOA_ApplicationDetailsPage_BusinessDetails</b><br>Test class: Com.AxisBank.QATest.TestCases</td>
<td></td>
<td>0</td>
<td>Com.AxisBank.QATest.TestCases@5b38c1ec</td></tr>
<tr>
<td title='Com.AxisBank.QATest.TestCases.Verify_LOA_ApplicationDetailsPage_DebitCardDetails()'><b>Verify_LOA_ApplicationDetailsPage_DebitCardDetails</b><br>Test class: Com.AxisBank.QATest.TestCases</td>
<td></td>
<td>0</td>
<td>Com.AxisBank.QATest.TestCases@5b38c1ec</td></tr>
<tr>
<td title='Com.AxisBank.QATest.TestCases.Verify_LOA_ApplicationDetailsPage_FATCA_Details()'><b>Verify_LOA_ApplicationDetailsPage_FATCA_Details</b><br>Test class: Com.AxisBank.QATest.TestCases</td>
<td></td>
<td>1</td>
<td>Com.AxisBank.QATest.TestCases@5b38c1ec</td></tr>
<tr>
<td title='Com.AxisBank.QATest.TestCases.Verify_LOA_ApplicationDetailsPage_FamilyDetails()'><b>Verify_LOA_ApplicationDetailsPage_FamilyDetails</b><br>Test class: Com.AxisBank.QATest.TestCases</td>
<td></td>
<td>0</td>
<td>Com.AxisBank.QATest.TestCases@5b38c1ec</td></tr>
<tr>
<td title='Com.AxisBank.QATest.TestCases.Verify_LOA_Application_DetailsPage_PersonalDetails()'><b>Verify_LOA_Application_DetailsPage_PersonalDetails</b><br>Test class: Com.AxisBank.QATest.TestCases</td>
<td></td>
<td>1</td>
<td>Com.AxisBank.QATest.TestCases@5b38c1ec</td></tr>
<tr>
<td title='Com.AxisBank.QATest.TestCases.Verify_LOA_KYC_Screen()'><b>Verify_LOA_KYC_Screen</b><br>Test class: Com.AxisBank.QATest.TestCases</td>
<td></td>
<td>1</td>
<td>Com.AxisBank.QATest.TestCases@5b38c1ec</td></tr>
<tr>
<td title='Com.AxisBank.QATest.TestCases.Verify_VKYC_Page_SendVKYC()'><b>Verify_VKYC_Page_SendVKYC</b><br>Test class: Com.AxisBank.QATest.TestCases</td>
<td></td>
<td>0</td>
<td>Com.AxisBank.QATest.TestCases@5b38c1ec</td></tr>
<tr>
<td title='Com.AxisBank.QATest.TestCases.Verify_VKYC_Page_Verification_Via_Video()'><b>Verify_VKYC_Page_Verification_Via_Video</b><br>Test class: Com.AxisBank.QATest.TestCases</td>
<td></td>
<td>4</td>
<td>Com.AxisBank.QATest.TestCases@5b38c1ec</td></tr>
<tr>
<td title='Com.AxisBank.QATest.TestCases.verify_ApplicationReviewPage()'><b>verify_ApplicationReviewPage</b><br>Test class: Com.AxisBank.QATest.TestCases</td>
<td></td>
<td>29</td>
<td>Com.AxisBank.QATest.TestCases@5b38c1ec</td></tr>
</table><p>
</body>
</html>